[20:03:21] [main/INFO] [GradleStart]: Extra: [nogui]
[20:03:21] [main/INFO] [GradleStart]: Running with arguments: [--tweakClass, net.minecraftforge.fml.common.launcher.FMLServerTweaker, nogui, --tweakClass, net.minecraftforge.gradle.tweakers.CoremodTweaker]
[20:03:21] [main/INFO] [LaunchWrapper]: Loading tweak class name net.minecraftforge.fml.common.launcher.FMLServerTweaker
[20:03:21] [main/INFO] [LaunchWrapper]: Using primary tweak class name net.minecraftforge.fml.common.launcher.FMLServerTweaker
[20:03:21] [main/INFO] [LaunchWrapper]: Loading tweak class name net.minecraftforge.gradle.tweakers.CoremodTweaker
[20:03:21] [main/INFO] [LaunchWrapper]: Calling tweak class net.minecraftforge.fml.common.launcher.FMLServerTweaker
[20:03:22] [main/DEBUG] [FML]: Injecting tracing printstreams for STDOUT/STDERR.
[20:03:22] [main/INFO] [FML]: Forge Mod Loader version 14.23.5.2771 for Minecraft 1.12.2 loading
[20:03:22] [main/INFO] [FML]: Java is Java HotSpot(TM) 64-Bit Server VM, version 1.8.0_144, running on Linux:amd64:4.15.0-29deepin-generic, installed at /usr/lib/jvm/java-8-oracle/jre
[20:03:22] [main/DEBUG] [FML]: Java classpath at launch is:
[20:03:22] [main/DEBUG] [FML]:     /usr/lib/jvm/java-8-oracle/jre/lib/charsets.jar
[20:03:22] [main/DEBUG] [FML]:     /usr/lib/jvm/java-8-oracle/jre/lib/deploy.jar
[20:03:22] [main/DEBUG] [FML]:     /usr/lib/jvm/java-8-oracle/jre/lib/ext/cldrdata.jar
[20:03:22] [main/DEBUG] [FML]:     /usr/lib/jvm/java-8-oracle/jre/lib/ext/dnsns.jar
[20:03:22] [main/DEBUG] [FML]:     /usr/lib/jvm/java-8-oracle/jre/lib/ext/jaccess.jar
[20:03:22] [main/DEBUG] [FML]:     /usr/lib/jvm/java-8-oracle/jre/lib/ext/jfxrt.jar
[20:03:22] [main/DEBUG] [FML]:     /usr/lib/jvm/java-8-oracle/jre/lib/ext/localedata.jar
[20:03:22] [main/DEBUG] [FML]:     /usr/lib/jvm/java-8-oracle/jre/lib/ext/nashorn.jar
[20:03:22] [main/DEBUG] [FML]:     /usr/lib/jvm/java-8-oracle/jre/lib/ext/sunec.jar
[20:03:22] [main/DEBUG] [FML]:     /usr/lib/jvm/java-8-oracle/jre/lib/ext/sunjce_provider.jar
[20:03:22] [main/DEBUG] [FML]:     /usr/lib/jvm/java-8-oracle/jre/lib/ext/sunpkcs11.jar
[20:03:22] [main/DEBUG] [FML]:     /usr/lib/jvm/java-8-oracle/jre/lib/ext/zipfs.jar
[20:03:22] [main/DEBUG] [FML]:     /usr/lib/jvm/java-8-oracle/jre/lib/javaws.jar
[20:03:22] [main/DEBUG] [FML]:     /usr/lib/jvm/java-8-oracle/jre/lib/jce.jar
[20:03:22] [main/DEBUG] [FML]:     /usr/lib/jvm/java-8-oracle/jre/lib/jfr.jar
[20:03:22] [main/DEBUG] [FML]:     /usr/lib/jvm/java-8-oracle/jre/lib/jfxswt.jar
[20:03:22] [main/DEBUG] [FML]:     /usr/lib/jvm/java-8-oracle/jre/lib/jsse.jar
[20:03:22] [main/DEBUG] [FML]:     /usr/lib/jvm/java-8-oracle/jre/lib/management-agent.jar
[20:03:22] [main/DEBUG] [FML]:     /usr/lib/jvm/java-8-oracle/jre/lib/plugin.jar
[20:03:22] [main/DEBUG] [FML]:     /usr/lib/jvm/java-8-oracle/jre/lib/resources.jar
[20:03:22] [main/DEBUG] [FML]:     /usr/lib/jvm/java-8-oracle/jre/lib/rt.jar
[20:03:22] [main/DEBUG] [FML]:     /home/yukun/.gradle/caches/modules-2/files-2.1/org.spongepowered/spongeapi/7.1.0-SNAPSHOT/cab540f5692e8664d447e34cdd22319959a51fa5/spongeapi-7.1.0-SNAPSHOT.jar
[20:03:22] [main/DEBUG] [FML]:     /home/yukun/.gradle/caches/minecraft/deobfedDeps/providedDummy.jar
[20:03:22] [main/DEBUG] [FML]:     /home/yukun/.gradle/caches/modules-2/files-2.1/org.slf4j/slf4j-api/1.7.25/da76ca59f6a57ee3102f8f9bd9cee742973efa8a/slf4j-api-1.7.25.jar
[20:03:22] [main/DEBUG] [FML]:     /home/yukun/.gradle/caches/minecraft/net/minecraftforge/forge/1.12.2-14.23.5.2771/stable/43/forgeSrc-1.12.2-14.23.5.2771.jar
[20:03:22] [main/DEBUG] [FML]:     /home/yukun/.gradle/caches/modules-2/files-2.1/com.google.inject/guice/4.1.0/eeb69005da379a10071aa4948c48d89250febb07/guice-4.1.0.jar
[20:03:22] [main/DEBUG] [FML]:     /home/yukun/.gradle/caches/modules-2/files-2.1/org.spongepowered/plugin-meta/0.4.1/41378ca359e2b4ad935294d1ca3e533e7cdf8f64/plugin-meta-0.4.1.jar
[20:03:22] [main/DEBUG] [FML]:     /home/yukun/.gradle/caches/modules-2/files-2.1/org.spongepowered/configurate-hocon/3.6/722568aa0500a5486c48c3869656b76da94fefcf/configurate-hocon-3.6.jar
[20:03:22] [main/DEBUG] [FML]:     /home/yukun/.gradle/caches/modules-2/files-2.1/org.spongepowered/configurate-gson/3.6/f48247778d4cd4ed0eaa618cd9f8892f3db84176/configurate-gson-3.6.jar
[20:03:22] [main/DEBUG] [FML]:     /home/yukun/.gradle/caches/modules-2/files-2.1/org.spongepowered/configurate-yaml/3.6/10bbfb896119e6e72cceaab42f137936368132fb/configurate-yaml-3.6.jar
[20:03:22] [main/DEBUG] [FML]:     /home/yukun/.gradle/caches/modules-2/files-2.1/org.spongepowered/configurate-core/3.6/143a81a48b8a7cece433ef2168f2cc003059fe1d/configurate-core-3.6.jar
[20:03:22] [main/DEBUG] [FML]:     /home/yukun/.gradle/caches/modules-2/files-2.1/com.google.guava/guava/21.0/3a3d111be1be1b745edfa7d91678a12d7ed38709/guava-21.0.jar
[20:03:22] [main/DEBUG] [FML]:     /home/yukun/.gradle/caches/modules-2/files-2.1/com.google.errorprone/error_prone_annotations/2.0.15/822652ed7196d119b35d2e22eb9cd4ffda11e640/error_prone_annotations-2.0.15.jar
[20:03:22] [main/DEBUG] [FML]:     /home/yukun/.gradle/caches/modules-2/files-2.1/com.google.code.gson/gson/2.8.0/c4ba5371a29ac9b2ad6129b1d39ea38750043eff/gson-2.8.0.jar
[20:03:22] [main/DEBUG] [FML]:     /home/yukun/.gradle/caches/modules-2/files-2.1/org.apache.commons/commons-lang3/3.5/6c6c702c89bfff3cd9e80b04d668c5e190d588c6/commons-lang3-3.5.jar
[20:03:22] [main/DEBUG] [FML]:     /home/yukun/.gradle/caches/modules-2/files-2.1/com.google.code.findbugs/jsr305/3.0.1/f7be08ec23c21485b9b5a1cf1654c2ec8c58168d/jsr305-3.0.1.jar
[20:03:22] [main/DEBUG] [FML]:     /home/yukun/.gradle/caches/modules-2/files-2.1/com.github.ben-manes.caffeine/guava/2.5.4/973a21f7148066558ba5eebe9ce244d05e8b54c2/guava-2.5.4.jar
[20:03:22] [main/DEBUG] [FML]:     /home/yukun/.gradle/caches/modules-2/files-2.1/com.github.ben-manes.caffeine/caffeine/2.5.4/a162a31c2973550a8cd37cb9773a814ae3394fbb/caffeine-2.5.4.jar
[20:03:22] [main/DEBUG] [FML]:     /home/yukun/.gradle/caches/modules-2/files-2.1/com.flowpowered/flow-math/1.0.3/d98020239e5015091ad3be927cef9dea0d61a234/flow-math-1.0.3.jar
[20:03:22] [main/DEBUG] [FML]:     /home/yukun/.gradle/caches/modules-2/files-2.1/com.flowpowered/flow-noise/1.0.1-SNAPSHOT/bfddff85287441521fb66ec22b59a463190966e1/flow-noise-1.0.1-SNAPSHOT.jar
[20:03:22] [main/DEBUG] [FML]:     /home/yukun/.gradle/caches/modules-2/files-2.1/org.ow2.asm/asm/5.2/4ce3ecdc7115bcbf9d4ff4e6ec638e60760819df/asm-5.2.jar
[20:03:22] [main/DEBUG] [FML]:     /home/yukun/.gradle/caches/modules-2/files-2.1/javax.inject/javax.inject/1/6975da39a7040257bd51d21a231b76c915872d38/javax.inject-1.jar
[20:03:22] [main/DEBUG] [FML]:     /home/yukun/.gradle/caches/modules-2/files-2.1/aopalliance/aopalliance/1.0/235ba8b489512805ac13a8f9ea77a1ca5ebe3e8/aopalliance-1.0.jar
[20:03:22] [main/DEBUG] [FML]:     /home/yukun/.gradle/caches/modules-2/files-2.1/com.typesafe/config/1.3.1/2cf7a6cc79732e3bdf1647d7404279900ca63eb0/config-1.3.1.jar
[20:03:22] [main/DEBUG] [FML]:     /home/yukun/.gradle/caches/modules-2/files-2.1/org.yaml/snakeyaml/1.18/e4a441249ade301985cb8d009d4e4a72b85bf68e/snakeyaml-1.18.jar
[20:03:22] [main/DEBUG] [FML]:     /home/yukun/.gradle/caches/modules-2/files-2.1/org.checkerframework/checker-qual/2.4.0/e59a242c30953d9442e957639dbcc9e3784803e4/checker-qual-2.4.0.jar
[20:03:22] [main/DEBUG] [FML]:     /home/yukun/.gradle/caches/minecraft/deobfedDeps/compileDummy.jar
[20:03:22] [main/DEBUG] [FML]:     /home/yukun/.gradle/caches/modules-2/files-2.1/com.mojang/authlib/1.5.25/9834cdf236c22e84b946bba989e2f94ef5897c3c/authlib-1.5.25.jar
[20:03:22] [main/DEBUG] [FML]:     /home/yukun/.gradle/caches/modules-2/files-2.1/com.mojang/patchy/1.1/aef610b34a1be37fa851825f12372b78424d8903/patchy-1.1.jar
[20:03:22] [main/DEBUG] [FML]:     /home/yukun/.gradle/caches/modules-2/files-2.1/oshi-project/oshi-core/1.1/9ddf7b048a8d701be231c0f4f95fd986198fd2d8/oshi-core-1.1.jar
[20:03:22] [main/DEBUG] [FML]:     /home/yukun/.gradle/caches/modules-2/files-2.1/com.mojang/text2speech/1.10.3/48fd510879dff266c3815947de66e3d4809f8668/text2speech-1.10.3.jar
[20:03:22] [main/DEBUG] [FML]:     /home/yukun/.gradle/caches/modules-2/files-2.1/ca.weblite/java-objc-bridge/1.0.0/6ef160c3133a78de015830860197602ca1c855d3/java-objc-bridge-1.0.0.jar
[20:03:22] [main/DEBUG] [FML]:     /home/yukun/.gradle/caches/modules-2/files-2.1/net.java.dev.jna/jna/4.4.0/cb208278274bf12ebdb56c61bd7407e6f774d65a/jna-4.4.0.jar
[20:03:22] [main/DEBUG] [FML]:     /home/yukun/.gradle/caches/modules-2/files-2.1/net.java.dev.jna/platform/3.4.0/e3f70017be8100d3d6923f50b3d2ee17714e9c13/platform-3.4.0.jar
[20:03:22] [main/DEBUG] [FML]:     /home/yukun/.gradle/caches/modules-2/files-2.1/com.ibm.icu/icu4j-core-mojang/51.2/63d216a9311cca6be337c1e458e587f99d382b84/icu4j-core-mojang-51.2.jar
[20:03:22] [main/DEBUG] [FML]:     /home/yukun/.gradle/caches/modules-2/files-2.1/net.minecraft/launchwrapper/1.12/111e7bea9c968cdb3d06ef4632bf7ff0824d0f36/launchwrapper-1.12.jar
[20:03:22] [main/DEBUG] [FML]:     /home/yukun/.gradle/caches/modules-2/files-2.1/net.sf.jopt-simple/jopt-simple/5.0.3/cdd846cfc4e0f7eefafc02c0f5dce32b9303aa2a/jopt-simple-5.0.3.jar
[20:03:22] [main/DEBUG] [FML]:     /home/yukun/.gradle/caches/modules-2/files-2.1/io.netty/netty-all/4.1.9.Final/97860965d6a0a6b98e7f569f3f966727b8db75/netty-all-4.1.9.Final.jar
[20:03:22] [main/DEBUG] [FML]:     /home/yukun/.gradle/caches/modules-2/files-2.1/org.apache.maven/maven-artifact/3.5.3/7dc72b6d6d8a6dced3d294ed54c2cc3515ade9f4/maven-artifact-3.5.3.jar
[20:03:22] [main/DEBUG] [FML]:     /home/yukun/.gradle/caches/modules-2/files-2.1/commons-io/commons-io/2.5/2852e6e05fbb95076fc091f6d1780f1f8fe35e0f/commons-io-2.5.jar
[20:03:22] [main/DEBUG] [FML]:     /home/yukun/.gradle/caches/modules-2/files-2.1/com.mojang/realms/1.10.22/bd0dccebdf3744c75f1ca20063f16e8f7d5e663f/realms-1.10.22.jar
[20:03:22] [main/DEBUG] [FML]:     /home/yukun/.gradle/caches/modules-2/files-2.1/org.apache.httpcomponents/httpclient/4.3.3/18f4247ff4572a074444572cee34647c43e7c9c7/httpclient-4.3.3.jar
[20:03:22] [main/DEBUG] [FML]:     /home/yukun/.gradle/caches/modules-2/files-2.1/commons-codec/commons-codec/1.10/4b95f4897fa13f2cd904aee711aeafc0c5295cd8/commons-codec-1.10.jar
[20:03:22] [main/DEBUG] [FML]:     /home/yukun/.gradle/caches/modules-2/files-2.1/com.paulscode/librarylwjglopenal/20100824/73e80d0794c39665aec3f62eee88ca91676674ef/librarylwjglopenal-20100824.jar
[20:03:22] [main/DEBUG] [FML]:     /home/yukun/.gradle/caches/modules-2/files-2.1/org.lwjgl.lwjgl/lwjgl_util/2.9.4-nightly-20150209/d51a7c040a721d13efdfbd34f8b257b2df882ad0/lwjgl_util-2.9.4-nightly-20150209.jar
[20:03:22] [main/DEBUG] [FML]:     /home/yukun/.gradle/caches/modules-2/files-2.1/org.lwjgl.lwjgl/lwjgl/2.9.4-nightly-20150209/697517568c68e78ae0b4544145af031c81082dfe/lwjgl-2.9.4-nightly-20150209.jar
[20:03:22] [main/DEBUG] [FML]:     /home/yukun/.gradle/caches/modules-2/files-2.1/net.java.jinput/jinput/2.0.5/39c7796b469a600f72380316f6b1f11db6c2c7c4/jinput-2.0.5.jar
[20:03:22] [main/DEBUG] [FML]:     /home/yukun/.gradle/caches/modules-2/files-2.1/net.java.jutils/jutils/1.0.0/e12fe1fda814bd348c1579329c86943d2cd3c6a6/jutils-1.0.0.jar
[20:03:22] [main/DEBUG] [FML]:     /home/yukun/.gradle/caches/modules-2/files-2.1/org.apache.commons/commons-compress/1.8.1/a698750c16740fd5b3871425f4cb3bbaa87f529d/commons-compress-1.8.1.jar
[20:03:22] [main/DEBUG] [FML]:     /home/yukun/.gradle/caches/modules-2/files-2.1/commons-logging/commons-logging/1.1.3/f6f66e966c70a83ffbdb6f17a0919eaf7c8aca7f/commons-logging-1.1.3.jar
[20:03:22] [main/DEBUG] [FML]:     /home/yukun/.gradle/caches/modules-2/files-2.1/org.apache.httpcomponents/httpcore/4.3.2/31fbbff1ddbf98f3aa7377c94d33b0447c646b6e/httpcore-4.3.2.jar
[20:03:22] [main/DEBUG] [FML]:     /home/yukun/.gradle/caches/modules-2/files-2.1/it.unimi.dsi/fastutil/7.1.0/9835253257524c1be7ab50c057aa2d418fb72082/fastutil-7.1.0.jar
[20:03:22] [main/DEBUG] [FML]:     /home/yukun/.gradle/caches/modules-2/files-2.1/org.apache.logging.log4j/log4j-core/2.8.1/4ac28ff2f1ddf05dae3043a190451e8c46b73c31/log4j-core-2.8.1.jar
[20:03:22] [main/DEBUG] [FML]:     /home/yukun/.gradle/caches/modules-2/files-2.1/org.apache.logging.log4j/log4j-api/2.8.1/e801d13612e22cad62a3f4f3fe7fdbe6334a8e72/log4j-api-2.8.1.jar
[20:03:22] [main/DEBUG] [FML]:     /home/yukun/.gradle/caches/modules-2/files-2.1/org.jline/jline/3.5.1/51800e9d7a13608894a5a28eed0f5c7fa2f300fb/jline-3.5.1.jar
[20:03:22] [main/DEBUG] [FML]:     /home/yukun/.gradle/caches/modules-2/files-2.1/org.ow2.asm/asm-debug-all/5.2/3354e11e2b34215f06dab629ab88e06aca477c19/asm-debug-all-5.2.jar
[20:03:22] [main/DEBUG] [FML]:     /home/yukun/.gradle/caches/modules-2/files-2.1/com.typesafe.akka/akka-actor_2.11/2.3.3/ed62e9fc709ca0f2ff1a3220daa8b70a2870078e/akka-actor_2.11-2.3.3.jar
[20:03:22] [main/DEBUG] [FML]:     /home/yukun/.gradle/caches/modules-2/files-2.1/com.typesafe/config/1.2.1/f771f71fdae3df231bcd54d5ca2d57f0bf93f467/config-1.2.1.jar
[20:03:22] [main/DEBUG] [FML]:     /home/yukun/.gradle/caches/modules-2/files-2.1/org.scala-lang/scala-actors-migration_2.11/1.1.0/dfa8bc42b181d5b9f1a5dd147f8ae308b893eb6f/scala-actors-migration_2.11-1.1.0.jar
[20:03:22] [main/DEBUG] [FML]:     /home/yukun/.gradle/caches/modules-2/files-2.1/org.scala-lang.plugins/scala-continuations-plugin_2.11.1/1.0.2/f361a3283452c57fa30c1ee69448995de23c60f7/scala-continuations-plugin_2.11.1-1.0.2.jar
[20:03:22] [main/DEBUG] [FML]:     /home/yukun/.gradle/caches/modules-2/files-2.1/org.scala-lang/scala-compiler/2.11.1/56ea2e6c025e0821f28d73ca271218b8dd04926a/scala-compiler-2.11.1.jar
[20:03:22] [main/DEBUG] [FML]:     /home/yukun/.gradle/caches/modules-2/files-2.1/org.scala-lang.plugins/scala-continuations-library_2.11/1.0.2/e517c53a7e9acd6b1668c5a35eccbaa3bab9aac/scala-continuations-library_2.11-1.0.2.jar
[20:03:22] [main/DEBUG] [FML]:     /home/yukun/.gradle/caches/modules-2/files-2.1/org.scala-lang.modules/scala-parser-combinators_2.11/1.0.1/f05d7345bf5a58924f2837c6c1f4d73a938e1ff0/scala-parser-combinators_2.11-1.0.1.jar
[20:03:22] [main/DEBUG] [FML]:     /home/yukun/.gradle/caches/modules-2/files-2.1/org.scala-lang/scala-reflect/2.11.1/6580347e61cc7f8e802941e7fde40fa83b8badeb/scala-reflect-2.11.1.jar
[20:03:22] [main/DEBUG] [FML]:     /home/yukun/.gradle/caches/modules-2/files-2.1/org.scala-lang.modules/scala-swing_2.11/1.0.1/b1cdd92bd47b1e1837139c1c53020e86bb9112ae/scala-swing_2.11-1.0.1.jar
[20:03:22] [main/DEBUG] [FML]:     /home/yukun/.gradle/caches/modules-2/files-2.1/org.scala-lang.modules/scala-xml_2.11/1.0.2/820fbca7e524b530fdadc594c39d49a21ea0337e/scala-xml_2.11-1.0.2.jar
[20:03:22] [main/DEBUG] [FML]:     /home/yukun/.gradle/caches/modules-2/files-2.1/org.scala-lang/scala-actors/2.11.0/8ccfb6541de179bb1c4d45cf414acee069b7f78b/scala-actors-2.11.0.jar
[20:03:22] [main/DEBUG] [FML]:     /home/yukun/.gradle/caches/modules-2/files-2.1/org.scala-lang/scala-library/2.11.1/e11da23da3eabab9f4777b9220e60d44c1aab6a/scala-library-2.11.1.jar
[20:03:22] [main/DEBUG] [FML]:     /home/yukun/.gradle/caches/modules-2/files-2.1/lzma/lzma/0.0.1/521616dc7487b42bef0e803bd2fa3faf668101d7/lzma-0.0.1.jar
[20:03:22] [main/DEBUG] [FML]:     /home/yukun/.gradle/caches/modules-2/files-2.1/net.sf.trove4j/trove4j/3.0.3/42ccaf4761f0dfdfa805c9e340d99a755907e2dd/trove4j-3.0.3.jar
[20:03:22] [main/DEBUG] [FML]:     /home/yukun/.gradle/caches/modules-2/files-2.1/com.paulscode/codecjorbis/20101023/c73b5636faf089d9f00e8732a829577de25237ee/codecjorbis-20101023.jar
[20:03:22] [main/DEBUG] [FML]:     /home/yukun/.gradle/caches/modules-2/files-2.1/com.paulscode/codecwav/20101023/12f031cfe88fef5c1dd36c563c0a3a69bd7261da/codecwav-20101023.jar
[20:03:22] [main/DEBUG] [FML]:     /home/yukun/.gradle/caches/modules-2/files-2.1/com.paulscode/libraryjavasound/20101123/5c5e304366f75f9eaa2e8cca546a1fb6109348b3/libraryjavasound-20101123.jar
[20:03:22] [main/DEBUG] [FML]:     /home/yukun/.gradle/caches/modules-2/files-2.1/com.paulscode/soundsystem/20120107/419c05fe9be71f792b2d76cfc9b67f1ed0fec7f6/soundsystem-20120107.jar
[20:03:22] [main/DEBUG] [FML]:     /home/yukun/.gradle/caches/modules-2/files-2.1/java3d/vecmath/1.5.2/79846ba34cbd89e2422d74d53752f993dcc2ccaf/vecmath-1.5.2.jar
[20:03:22] [main/DEBUG] [FML]:     /home/yukun/.gradle/caches/modules-2/files-2.1/org.codehaus.plexus/plexus-utils/3.1.0/60eecb6f15abdb1c653ad80abaac6fe188b3feaa/plexus-utils-3.1.0.jar
[20:03:22] [main/DEBUG] [FML]:     /home/yukun/.gradle/caches/modules-2/files-2.1/net.java.jinput/jinput-platform/2.0.5/7ff832a6eb9ab6a767f1ade2b548092d0fa64795/jinput-platform-2.0.5-natives-linux.jar
[20:03:22] [main/DEBUG] [FML]:     /home/yukun/.gradle/caches/modules-2/files-2.1/net.java.jinput/jinput-platform/2.0.5/385ee093e01f587f30ee1c8a2ee7d408fd732e16/jinput-platform-2.0.5-natives-windows.jar
[20:03:22] [main/DEBUG] [FML]:     /home/yukun/.gradle/caches/modules-2/files-2.1/net.java.jinput/jinput-platform/2.0.5/53f9c919f34d2ca9de8c51fc4e1e8282029a9232/jinput-platform-2.0.5-natives-osx.jar
[20:03:22] [main/DEBUG] [FML]:     /home/yukun/.gradle/caches/modules-2/files-2.1/org.lwjgl.lwjgl/lwjgl-platform/2.9.4-nightly-20150209/b84d5102b9dbfabfeb5e43c7e2828d98a7fc80e0/lwjgl-platform-2.9.4-nightly-20150209-natives-windows.jar
[20:03:22] [main/DEBUG] [FML]:     /home/yukun/.gradle/caches/modules-2/files-2.1/org.lwjgl.lwjgl/lwjgl-platform/2.9.4-nightly-20150209/931074f46c795d2f7b30ed6395df5715cfd7675b/lwjgl-platform-2.9.4-nightly-20150209-natives-linux.jar
[20:03:22] [main/DEBUG] [FML]:     /home/yukun/.gradle/caches/modules-2/files-2.1/org.lwjgl.lwjgl/lwjgl-platform/2.9.4-nightly-20150209/bcab850f8f487c3f4c4dbabde778bb82bd1a40ed/lwjgl-platform-2.9.4-nightly-20150209-natives-osx.jar
[20:03:22] [main/DEBUG] [FML]:     /home/yukun/.gradle/caches/minecraft/net/minecraftforge/forge/1.12.2-14.23.5.2771/start
[20:03:22] [main/DEBUG] [FML]:     /home/yukun/.local/share/JetBrains/Toolbox/apps/IDEA-U/ch-0/182.4892.20/lib/idea_rt.jar
[20:03:22] [main/DEBUG] [FML]: Java library path at launch is:
[20:03:22] [main/DEBUG] [FML]:     /usr/java/packages/lib/amd64
[20:03:22] [main/DEBUG] [FML]:     /usr/lib64
[20:03:22] [main/DEBUG] [FML]:     /lib64
[20:03:22] [main/DEBUG] [FML]:     /lib
[20:03:22] [main/DEBUG] [FML]:     /usr/lib
[20:03:22] [main/ERROR] [FML]: Apache Maven library folder was not in the format expected. Using default libraries directory.
[20:03:22] [main/ERROR] [FML]: Full: /home/yukun/.gradle/caches/modules-2/files-2.1/org.apache.maven/maven-artifact/3.5.3/7dc72b6d6d8a6dced3d294ed54c2cc3515ade9f4/maven-artifact-3.5.3.jar
[20:03:22] [main/ERROR] [FML]: Trimmed: /home/yukun/.gradle/caches/modules-2/files-2.1/org.apache.maven/maven-artifact/3.5.3/
[20:03:22] [main/DEBUG] [FML]: Determined Minecraft Libraries Root: ./libraries
[20:03:22] [main/DEBUG] [FML]: Cleaning up mods folder: ./mods
[20:03:22] [main/DEBUG] [FML]: Examining file: 【P】spongeforge-1.12.2-2705-7.1.0-BETA-3221.jar
[20:03:22] [main/DEBUG] [FML]: Examining file: admin-1.0-SNAPSHOT.jar
[20:03:22] [main/DEBUG] [FML]: Examining file: forge-1.12.2-14.23.4.2707-installer.jar
[20:03:22] [main/DEBUG] [FML]: Examining file: forge-1.12.2-14.23.4.2707-universal.jar
[20:03:22] [main/INFO] [FML]: Managed to load a deobfuscated Minecraft name- we are in a deobfuscated environment. Skipping runtime deobfuscation
[20:03:22] [main/DEBUG] [FML]: Instantiating coremod class FMLCorePlugin
[20:03:22] [main/INFO] [FML]: Ignoring missing certificate for coremod FMLCorePlugin (net.minecraftforge.fml.relauncher.FMLCorePlugin), we are in deobf and it's a forge core plugin
[20:03:22] [main/DEBUG] [FML]: Added access transformer class net.minecraftforge.fml.common.asm.transformers.AccessTransformer to enqueued access transformers
[20:03:22] [main/DEBUG] [FML]: Enqueued coremod FMLCorePlugin
[20:03:22] [main/DEBUG] [FML]: Instantiating coremod class FMLForgePlugin
[20:03:22] [main/INFO] [FML]: Ignoring missing certificate for coremod FMLForgePlugin (net.minecraftforge.classloading.FMLForgePlugin), we are in deobf and it's a forge core plugin
[20:03:22] [main/DEBUG] [FML]: Enqueued coremod FMLForgePlugin
[20:03:22] [main/DEBUG] [FML]: All fundamental core mods are successfully located
[20:03:22] [main/DEBUG] [FML]: Discovering coremods
[20:03:22] [main/INFO] [FML]: Searching /home/yukun/IdeaProjects/Sp3/run/./mods for mods
[20:03:22] [main/DEBUG] [FML]:   Adding 【P】spongeforge-1.12.2-2705-7.1.0-BETA-3221.jar to the mod list
[20:03:22] [main/DEBUG] [FML]:   Adding admin-1.0-SNAPSHOT.jar to the mod list
[20:03:22] [main/DEBUG] [FML]:   Adding forge-1.12.2-14.23.4.2707-installer.jar to the mod list
[20:03:22] [main/DEBUG] [FML]:   Adding forge-1.12.2-14.23.4.2707-universal.jar to the mod list
[20:03:22] [main/DEBUG] [FML]: Examining for coremod candidacy admin-1.0-SNAPSHOT.jar
[20:03:22] [main/DEBUG] [FML]: Not found coremod data in admin-1.0-SNAPSHOT.jar
[20:03:22] [main/DEBUG] [FML]: Examining for coremod candidacy forge-1.12.2-14.23.4.2707-installer.jar
[20:03:22] [main/DEBUG] [FML]: Not found coremod data in forge-1.12.2-14.23.4.2707-installer.jar
[20:03:22] [main/DEBUG] [FML]: Examining for coremod candidacy forge-1.12.2-14.23.4.2707-universal.jar
[20:03:22] [main/INFO] [FML]: Loading tweaker net.minecraftforge.fml.common.launcher.FMLTweaker from forge-1.12.2-14.23.4.2707-universal.jar
[20:03:22] [main/DEBUG] [FML]: Examining for coremod candidacy 【P】spongeforge-1.12.2-2705-7.1.0-BETA-3221.jar
[20:03:22] [main/INFO] [FML]: Loading tweaker org.spongepowered.asm.launch.MixinTweaker from 【P】spongeforge-1.12.2-2705-7.1.0-BETA-3221.jar
[20:03:22] [main/INFO] [LaunchWrapper]: Calling tweak class net.minecraftforge.gradle.tweakers.CoremodTweaker
[20:03:22] [main/INFO] [GradleStart]: Injecting location in coremod net.minecraftforge.fml.relauncher.FMLCorePlugin
[20:03:22] [main/INFO] [GradleStart]: Injecting location in coremod net.minecraftforge.classloading.FMLForgePlugin
[20:03:22] [main/INFO] [LaunchWrapper]: Loading tweak class name net.minecraftforge.fml.common.launcher.FMLInjectionAndSortingTweaker
[20:03:22] [main/INFO] [LaunchWrapper]: Loading tweak class name net.minecraftforge.fml.common.launcher.FMLTweaker
[20:03:22] [main/ERROR] [LaunchWrapper]: Unable to launch
java.lang.RuntimeException: FML was unable to install the security manager. The game will not start
	at net.minecraftforge.fml.common.launcher.FMLTweaker.<init>(FMLTweaker.java:58) ~[forgeSrc-1.12.2-14.23.5.2771.jar:?]
	at sun.reflect.NativeConstructorAccessorImpl.newInstance0(Native Method) ~[?:1.8.0_144]
	at sun.reflect.NativeConstructorAccessorImpl.newInstance(NativeConstructorAccessorImpl.java:62) ~[?:1.8.0_144]
	at sun.reflect.DelegatingConstructorAccessorImpl.newInstance(DelegatingConstructorAccessorImpl.java:45) ~[?:1.8.0_144]
	at java.lang.reflect.Constructor.newInstance(Constructor.java:423) ~[?:1.8.0_144]
	at java.lang.Class.newInstance(Class.java:442) ~[?:1.8.0_144]
	at net.minecraft.launchwrapper.Launch.launch(Launch.java:98) [launchwrapper-1.12.jar:?]
	at net.minecraft.launchwrapper.Launch.main(Launch.java:28) [launchwrapper-1.12.jar:?]
	at sun.reflect.NativeMethodAccessorImpl.invoke0(Native Method) ~[?:1.8.0_144]
	at sun.reflect.NativeMethodAccessorImpl.invoke(NativeMethodAccessorImpl.java:62) ~[?:1.8.0_144]
	at sun.reflect.DelegatingMethodAccessorImpl.invoke(DelegatingMethodAccessorImpl.java:43) ~[?:1.8.0_144]
	at java.lang.reflect.Method.invoke(Method.java:498) ~[?:1.8.0_144]
	at net.minecraftforge.gradle.GradleStartCommon.launch(GradleStartCommon.java:97) [start/:?]
	at GradleStartServer.main(GradleStartServer.java:10) [start/:?]
Caused by: java.lang.SecurityException: Cannot replace the FML security manager
	at net.minecraftforge.fml.relauncher.FMLSecurityManager.checkPermission(FMLSecurityManager.java:54) ~[forgeSrc-1.12.2-14.23.5.2771.jar:?]
	at java.lang.System.setSecurityManager0(System.java:300) ~[?:1.8.0_144]
	at java.lang.System.setSecurityManager(System.java:291) ~[?:1.8.0_144]
	at net.minecraftforge.fml.common.launcher.FMLTweaker.<init>(FMLTweaker.java:54) ~[forgeSrc-1.12.2-14.23.5.2771.jar:?]
	... 13 more
[20:03:22] [main/INFO] [STDERR]: [java.lang.ThreadGroup:uncaughtException:1052]: java.lang.reflect.InvocationTargetException
[20:03:22] [main/INFO] [STDERR]: [java.lang.ThreadGroup:uncaughtException:1052]: 	at sun.reflect.NativeMethodAccessorImpl.invoke0(Native Method)
[20:03:22] [main/INFO] [STDERR]: [java.lang.ThreadGroup:uncaughtException:1052]: 	at sun.reflect.NativeMethodAccessorImpl.invoke(NativeMethodAccessorImpl.java:62)
[20:03:22] [main/INFO] [STDERR]: [java.lang.ThreadGroup:uncaughtException:1052]: 	at sun.reflect.DelegatingMethodAccessorImpl.invoke(DelegatingMethodAccessorImpl.java:43)
[20:03:22] [main/INFO] [STDERR]: [java.lang.ThreadGroup:uncaughtException:1052]: 	at java.lang.reflect.Method.invoke(Method.java:498)
[20:03:22] [main/INFO] [STDERR]: [java.lang.ThreadGroup:uncaughtException:1052]: 	at net.minecraftforge.gradle.GradleStartCommon.launch(GradleStartCommon.java:97)
[20:03:22] [main/INFO] [STDERR]: [java.lang.ThreadGroup:uncaughtException:1052]: 	at GradleStartServer.main(GradleStartServer.java:10)
[20:03:22] [main/INFO] [STDERR]: [java.lang.ThreadGroup:uncaughtException:1061]: Caused by: net.minecraftforge.fml.relauncher.FMLSecurityManager$ExitTrappedException
[20:03:22] [main/INFO] [STDERR]: [java.lang.ThreadGroup:uncaughtException:1061]: 	at net.minecraftforge.fml.relauncher.FMLSecurityManager.checkPermission(FMLSecurityManager.java:49)
[20:03:22] [main/INFO] [STDERR]: [java.lang.ThreadGroup:uncaughtException:1061]: 	at java.lang.SecurityManager.checkExit(SecurityManager.java:761)
[20:03:22] [main/INFO] [STDERR]: [java.lang.ThreadGroup:uncaughtException:1061]: 	at java.lang.Runtime.exit(Runtime.java:107)
[20:03:22] [main/INFO] [STDERR]: [java.lang.ThreadGroup:uncaughtException:1061]: 	at java.lang.System.exit(System.java:971)
[20:03:22] [main/INFO] [STDERR]: [java.lang.ThreadGroup:uncaughtException:1061]: 	at net.minecraft.launchwrapper.Launch.launch(Launch.java:138)
[20:03:22] [main/INFO] [STDERR]: [java.lang.ThreadGroup:uncaughtException:1061]: 	at net.minecraft.launchwrapper.Launch.main(Launch.java:28)
[20:03:22] [main/INFO] [STDERR]: [java.lang.ThreadGroup:uncaughtException:1061]: 	... 6 more
